<?xml version="1.0" encoding="UTF-8"?>
<!-- Generated by org.testng.reporters.JUnitReportReporter -->
<testsuite skipped="3" hostname="360NDCLP001" name="com.scripts.DataDrivenForEthernetTest" tests="4" failures="1" timestamp="31 Jan 2018 06:42:27 GMT" time="53.797" errors="0">
  <testcase name="test_02_check_Connectivity_And_Price_Of_sites_On_Basis_Of_UI_Segment" time="0.000" classname="com.scripts.DataDrivenForEthernetTest">
    <skipped/>
  </testcase> <!-- test_02_check_Connectivity_And_Price_Of_sites_On_Basis_Of_UI_Segment -->
  <testcase name="test_02_check_Connectivity_And_Price_Of_sites_On_Basis_Of_UI_Segment" time="0.000" classname="com.scripts.DataDrivenForEthernetTest">
    <skipped/>
  </testcase> <!-- test_02_check_Connectivity_And_Price_Of_sites_On_Basis_Of_UI_Segment -->
  <testcase name="doLogin" time="53.797" classname="com.scripts.DataDrivenForEthernetTest">
    <failure type="java.lang.AssertionError" message="org.openqa.selenium.TimeoutException: Expected condition failed: waiting for visibility of Proxy element for: DefaultElementLocator &#039;By.name: username&#039; (tried for 5 second(s) with 500 MILLISECONDS interval)">
      <![CDATA[java.lang.AssertionError: org.openqa.selenium.TimeoutException: Expected condition failed: waiting for visibility of Proxy element for: DefaultElementLocator 'By.name: username' (tried for 5 second(s) with 500 MILLISECONDS interval)
	at org.testng.Assert.fail(Assert.java:93)
	at com.util.BasePage.waitForElementVisible(BasePage.java:361)
	at com.util.BasePage.isElementPresent(BasePage.java:405)
	at com.util.BasePage.sendKeys(BasePage.java:151)
	at com.pages.C4CAppPage.loginInToCPQApplication(C4CAppPage.java:86)
	at com.scripts.DataDrivenForEthernetTest.doLogin(DataDrivenForEthernetTest.java:26)
	at sun.reflect.NativeMethodAccessorImpl.invoke0(Native Method)
	at sun.reflect.NativeMethodAccessorImpl.invoke(NativeMethodAccessorImpl.java:62)
	at sun.reflect.DelegatingMethodAccessorImpl.invoke(DelegatingMethodAccessorImpl.java:43)
	at java.lang.reflect.Method.invoke(Method.java:498)
	at org.testng.internal.MethodInvocationHelper.invokeMethod(MethodInvocationHelper.java:108)
	at org.testng.internal.Invoker.invokeConfigurationMethod(Invoker.java:523)
	at org.testng.internal.Invoker.invokeConfigurations(Invoker.java:224)
	at org.testng.internal.Invoker.invokeConfigurations(Invoker.java:146)
	at org.testng.internal.TestMethodWorker.invokeBeforeClassMethods(TestMethodWorker.java:165)
	at org.testng.internal.TestMethodWorker.run(TestMethodWorker.java:105)
	at org.testng.TestRunner.privateRun(TestRunner.java:776)
	at org.testng.TestRunner.run(TestRunner.java:634)
	at org.testng.SuiteRunner.runTest(SuiteRunner.java:425)
	at org.testng.SuiteRunner.runSequentially(SuiteRunner.java:420)
	at org.testng.SuiteRunner.privateRun(SuiteRunner.java:385)
	at org.testng.SuiteRunner.run(SuiteRunner.java:334)
	at org.testng.SuiteRunnerWorker.runSuite(SuiteRunnerWorker.java:52)
	at org.testng.SuiteRunnerWorker.run(SuiteRunnerWorker.java:86)
	at org.testng.TestNG.runSuitesSequentially(TestNG.java:1318)
	at org.testng.TestNG.runSuitesLocally(TestNG.java:1243)
	at org.testng.TestNG.runSuites(TestNG.java:1161)
	at org.testng.TestNG.run(TestNG.java:1129)
	at org.testng.remote.AbstractRemoteTestNG.run(AbstractRemoteTestNG.java:114)
	at org.testng.remote.RemoteTestNG.initAndRun(RemoteTestNG.java:251)
	at org.testng.remote.RemoteTestNG.main(RemoteTestNG.java:77)
]]>
    </failure>
  </testcase> <!-- doLogin -->
  <testcase name="test_02_check_Connectivity_And_Price_Of_sites_On_Basis_Of_UI_Segment" time="0.000" classname="com.scripts.DataDrivenForEthernetTest">
    <skipped/>
  </testcase> <!-- test_02_check_Connectivity_And_Price_Of_sites_On_Basis_Of_UI_Segment -->
</testsuite> <!-- com.scripts.DataDrivenForEthernetTest -->
