<?xml version="1.0" encoding="UTF-8"?>
<!-- Generated by org.testng.reporters.JUnitXMLReporter -->
<testsuite hostname="360NDCPC085" ignored="0" name="Regression_Test" tests="6" failures="6" timestamp="13 Nov 2017 07:16:35 GMT" time="154.517" errors="0">
  <testcase name="test_01_Navigate_From_C4C_To_CPQ" time="26.348" classname="com.scripts.RegressionFlow">
    <failure type="java.lang.AssertionError" message="expected [true] but found [false]">
      <![CDATA[java.lang.AssertionError: expected [true] but found [false]
	at com.util.BasePage.verifyTitle(BasePage.java:195)
	at com.scripts.RegressionFlow.test_01_Navigate_From_C4C_To_CPQ(RegressionFlow.java:43)
... Removed 29 stack frames]]>
    </failure>
  </testcase> <!-- test_01_Navigate_From_C4C_To_CPQ -->
  <testcase name="test_02_Add_Edit_Delete_EthernetLine" time="39.641" classname="com.scripts.RegressionFlow">
    <failure type="java.lang.AssertionError" message="org.openqa.selenium.TimeoutException: Expected condition failed: waiting for visibility of Proxy element for: DefaultElementLocator &amp;apos;By.id: readonly_1_opportunityName_t&amp;apos; (tried for 5 second(s) with 500 MILLISECONDS interval)">
      <![CDATA[java.lang.AssertionError: org.openqa.selenium.TimeoutException: Expected condition failed: waiting for visibility of Proxy element for: DefaultElementLocator 'By.id: readonly_1_opportunityName_t' (tried for 5 second(s) with 500 MILLISECONDS interval)
	at com.util.BasePage.waitForElementVisible(BasePage.java:358)
	at com.util.BasePage.isElementPresent(BasePage.java:402)
	at com.util.BasePage.verifyElementText(BasePage.java:430)
	at com.pages.Transaction_Page.verifyOpportunity_And_AccountInfoInCPQ(Transaction_Page.java:487)
	at com.scripts.RegressionFlow.test_02_Add_Edit_Delete_EthernetLine(RegressionFlow.java:62)
... Removed 26 stack frames]]>
    </failure>
  </testcase> <!-- test_02_Add_Edit_Delete_EthernetLine -->
  <testcase name="test_03__AddingHubSpoke_And_Apply_Discount" time="7.054" classname="com.scripts.RegressionFlow">
    <failure type="org.openqa.selenium.NoSuchElementException" message="no such element: Unable to locate element: {&amp;quot;method&amp;quot;:&amp;quot;id&amp;quot;,&amp;quot;selector&amp;quot;:&amp;quot;add_product&amp;quot;}
  (Session info: chrome=61.0.3163.100)
  (Driver info: chromedriver=2.30.477700 (0057494ad8732195794a7b32078424f92a5fce41),platform=Windows NT 10.0.10240 x86_64) (WARNING: The server did not provide any stacktrace information)
Command duration or timeout: 5.03 seconds
For documentation on this error, please visit: http://seleniumhq.org/exceptions/no_such_element.html
Build info: version: &amp;apos;3.4.0&amp;apos;, revision: &amp;apos;unknown&amp;apos;, time: &amp;apos;unknown&amp;apos;
System info: host: &amp;apos;360NDCPC085&amp;apos;, ip: &amp;apos;192.168.8.94&amp;apos;, os.name: &amp;apos;Windows 10&amp;apos;, os.arch: &amp;apos;amd64&amp;apos;, os.version: &amp;apos;10.0&amp;apos;, java.version: &amp;apos;1.8.0_144&amp;apos;
Driver info: org.openqa.selenium.chrome.ChromeDriver
Capabilities [{applicationCacheEnabled=false, rotatable=false, mobileEmulationEnabled=false, networkConnectionEnabled=false, chrome={chromedriverVersion=2.30.477700 (0057494ad8732195794a7b32078424f92a5fce41), userDataDir=C:\Users\HIMANS~1\AppData\Local\Temp\scoped_dir7712_31342}, takesHeapSnapshot=true, pageLoadStrategy=normal, databaseEnabled=false, handlesAlerts=true, hasTouchScreen=false, version=61.0.3163.100, platform=XP, browserConnectionEnabled=false, nativeEvents=true, acceptSslCerts=true, locationContextEnabled=true, webStorageEnabled=true, browserName=chrome, takesScreenshot=true, javascriptEnabled=true, cssSelectorsEnabled=true, unexpectedAlertBehaviour=}]
Session ID: 73a489fd0c787bc048714a3f32fd5e63
*** Element info: {Using=id, value=add_product}">
      <![CDATA[org.openqa.selenium.NoSuchElementException: no such element: Unable to locate element: {"method":"id","selector":"add_product"}
  (Session info: chrome=61.0.3163.100)
  (Driver info: chromedriver=2.30.477700 (0057494ad8732195794a7b32078424f92a5fce41),platform=Windows NT 10.0.10240 x86_64) (WARNING: The server did not provide any stacktrace information)
Command duration or timeout: 5.03 seconds
For documentation on this error, please visit: http://seleniumhq.org/exceptions/no_such_element.html
Build info: version: '3.4.0', revision: 'unknown', time: 'unknown'
System info: host: '360NDCPC085', ip: '192.168.8.94', os.name: 'Windows 10', os.arch: 'amd64', os.version: '10.0', java.version: '1.8.0_144'
Driver info: org.openqa.selenium.chrome.ChromeDriver
Capabilities [{applicationCacheEnabled=false, rotatable=false, mobileEmulationEnabled=false, networkConnectionEnabled=false, chrome={chromedriverVersion=2.30.477700 (0057494ad8732195794a7b32078424f92a5fce41), userDataDir=C:\Users\HIMANS~1\AppData\Local\Temp\scoped_dir7712_31342}, takesHeapSnapshot=true, pageLoadStrategy=normal, databaseEnabled=false, handlesAlerts=true, hasTouchScreen=false, version=61.0.3163.100, platform=XP, browserConnectionEnabled=false, nativeEvents=true, acceptSslCerts=true, locationContextEnabled=true, webStorageEnabled=true, browserName=chrome, takesScreenshot=true, javascriptEnabled=true, cssSelectorsEnabled=true, unexpectedAlertBehaviour=}]
Session ID: 73a489fd0c787bc048714a3f32fd5e63
*** Element info: {Using=id, value=add_product}
	at org.openqa.selenium.remote.ErrorHandler.createThrowable(ErrorHandler.java:215)
	at org.openqa.selenium.remote.ErrorHandler.throwIfResponseFailed(ErrorHandler.java:167)
	at org.openqa.selenium.remote.RemoteWebDriver.execute(RemoteWebDriver.java:671)
	at org.openqa.selenium.remote.RemoteWebDriver.findElement(RemoteWebDriver.java:410)
	at org.openqa.selenium.remote.RemoteWebDriver.findElementById(RemoteWebDriver.java:453)
	at org.openqa.selenium.By$ById.findElement(By.java:218)
	at org.openqa.selenium.remote.RemoteWebDriver.findElement(RemoteWebDriver.java:402)
	at org.openqa.selenium.support.pagefactory.DefaultElementLocator.findElement(DefaultElementLocator.java:69)
	at org.openqa.selenium.support.pagefactory.internal.LocatingElementHandler.invoke(LocatingElementHandler.java:38)
	at com.sun.proxy.$Proxy11.getWrappedElement(Unknown Source)
	at org.openqa.selenium.remote.internal.WebElementToJsonConverter.apply(WebElementToJsonConverter.java:50)
	at com.google.common.collect.Iterators$7.transform(Iterators.java:750)
	at com.google.common.collect.TransformedIterator.next(TransformedIterator.java:47)
	at com.google.common.collect.Iterators.addAll(Iterators.java:367)
	at com.google.common.collect.Lists.newArrayList(Lists.java:165)
	at com.google.common.collect.Lists.newArrayList(Lists.java:150)
	at org.openqa.selenium.remote.RemoteWebDriver.executeScript(RemoteWebDriver.java:571)
	at com.util.BasePage.javascriptScrollIntoView(BasePage.java:295)
	at com.pages.Transaction_Page.clickOnAddProductBtn(Transaction_Page.java:258)
	at com.pages.Product_List_Page.AddproductType(Product_List_Page.java:30)
	at com.scripts.RegressionFlow.test_03__AddingHubSpoke_And_Apply_Discount(RegressionFlow.java:80)
... Removed 29 stack frames]]>
    </failure>
  </testcase> <!-- test_03__AddingHubSpoke_And_Apply_Discount -->
  <testcase name="test_04_ApproveQuoteByDealPriceUser" time="10.07" classname="com.scripts.RegressionFlow">
    <failure type="java.lang.AssertionError" message="org.openqa.selenium.TimeoutException: Expected condition failed: waiting for visibility of Proxy element for: DefaultElementLocator &amp;apos;By.xpath: //a[contains(@href,&amp;apos;/logout.jsp&amp;apos;)]&amp;apos; (tried for 5 second(s) with 500 MILLISECONDS interval)">
      <![CDATA[java.lang.AssertionError: org.openqa.selenium.TimeoutException: Expected condition failed: waiting for visibility of Proxy element for: DefaultElementLocator 'By.xpath: //a[contains(@href,'/logout.jsp')]' (tried for 5 second(s) with 500 MILLISECONDS interval)
	at com.util.BasePage.waitForElementVisible(BasePage.java:358)
	at com.util.BasePage.isElementPresent(BasePage.java:402)
	at com.util.BasePage.clickOn(BasePage.java:122)
	at com.util.BasePage.click(BasePage.java:129)
	at com.util.BasePage.logOutFromCPQ(BasePage.java:521)
	at com.scripts.RegressionFlow.test_04_ApproveQuoteByDealPriceUser(RegressionFlow.java:101)
... Removed 26 stack frames]]>
    </failure>
  </testcase> <!-- test_04_ApproveQuoteByDealPriceUser -->
  <testcase name="test_05_ApproveQuoteBySalesApprover" time="10.12" classname="com.scripts.RegressionFlow">
    <failure type="java.lang.AssertionError" message="org.openqa.selenium.TimeoutException: Expected condition failed: waiting for visibility of Proxy element for: DefaultElementLocator &amp;apos;By.xpath: //a[contains(@href,&amp;apos;/logout.jsp&amp;apos;)]&amp;apos; (tried for 5 second(s) with 500 MILLISECONDS interval)">
      <![CDATA[java.lang.AssertionError: org.openqa.selenium.TimeoutException: Expected condition failed: waiting for visibility of Proxy element for: DefaultElementLocator 'By.xpath: //a[contains(@href,'/logout.jsp')]' (tried for 5 second(s) with 500 MILLISECONDS interval)
	at com.util.BasePage.waitForElementVisible(BasePage.java:358)
	at com.util.BasePage.isElementPresent(BasePage.java:402)
	at com.util.BasePage.clickOn(BasePage.java:122)
	at com.util.BasePage.click(BasePage.java:129)
	at com.util.BasePage.logOutFromCPQ(BasePage.java:521)
	at com.scripts.RegressionFlow.test_05_ApproveQuoteBySalesApprover(RegressionFlow.java:124)
... Removed 26 stack frames]]>
    </failure>
  </testcase> <!-- test_05_ApproveQuoteBySalesApprover -->
  <testcase name="test_06_ApproveQuoteByFinanceApprover" time="10.073" classname="com.scripts.RegressionFlow">
    <failure type="java.lang.AssertionError" message="org.openqa.selenium.TimeoutException: Expected condition failed: waiting for visibility of Proxy element for: DefaultElementLocator &amp;apos;By.xpath: //a[contains(@href,&amp;apos;/logout.jsp&amp;apos;)]&amp;apos; (tried for 5 second(s) with 500 MILLISECONDS interval)">
      <![CDATA[java.lang.AssertionError: org.openqa.selenium.TimeoutException: Expected condition failed: waiting for visibility of Proxy element for: DefaultElementLocator 'By.xpath: //a[contains(@href,'/logout.jsp')]' (tried for 5 second(s) with 500 MILLISECONDS interval)
	at com.util.BasePage.waitForElementVisible(BasePage.java:358)
	at com.util.BasePage.isElementPresent(BasePage.java:402)
	at com.util.BasePage.clickOn(BasePage.java:122)
	at com.util.BasePage.click(BasePage.java:129)
	at com.util.BasePage.logOutFromCPQ(BasePage.java:521)
	at com.scripts.RegressionFlow.test_06_ApproveQuoteByFinanceApprover(RegressionFlow.java:145)
... Removed 26 stack frames]]>
    </failure>
  </testcase> <!-- test_06_ApproveQuoteByFinanceApprover -->
</testsuite> <!-- Regression_Test -->
